{"D:\\Documenten\\Projects\\Git\\portfolio\\src\\scripts\\components\\Navigation\\Menu.js": {"path":"D:\\Documenten\\Projects\\Git\\portfolio\\src\\scripts\\components\\Navigation\\Menu.js","statementMap":{"0":{"start":{"line":6,"column":4},"end":{"line":6,"column":17}},"1":{"start":{"line":7,"column":4},"end":{"line":20,"column":6}},"2":{"start":{"line":24,"column":31},"end":{"line":24,"column":41}},"3":{"start":{"line":26,"column":4},"end":{"line":30,"column":5}},"4":{"start":{"line":27,"column":6},"end":{"line":29,"column":9}},"5":{"start":{"line":34,"column":42},"end":{"line":34,"column":52}},"6":{"start":{"line":35,"column":4},"end":{"line":37,"column":5}},"7":{"start":{"line":36,"column":6},"end":{"line":36,"column":18}},"8":{"start":{"line":39,"column":4},"end":{"line":39,"column":32}},"9":{"start":{"line":40,"column":4},"end":{"line":62,"column":6}},"10":{"start":{"line":43,"column":10},"end":{"line":43,"column":18}},"11":{"start":{"line":44,"column":10},"end":{"line":59,"column":12}},"12":{"start":{"line":53,"column":31},"end":{"line":53,"column":56}},"13":{"start":{"line":68,"column":0},"end":{"line":76,"column":2}}},"fnMap":{"0":{"name":"(anonymous_0)","decl":{"start":{"line":5,"column":2},"end":{"line":5,"column":3}},"loc":{"start":{"line":5,"column":21},"end":{"line":21,"column":3}},"line":5},"1":{"name":"(anonymous_1)","decl":{"start":{"line":23,"column":2},"end":{"line":23,"column":3}},"loc":{"start":{"line":23,"column":27},"end":{"line":31,"column":3}},"line":23},"2":{"name":"(anonymous_2)","decl":{"start":{"line":33,"column":2},"end":{"line":33,"column":3}},"loc":{"start":{"line":33,"column":11},"end":{"line":63,"column":3}},"line":33},"3":{"name":"(anonymous_3)","decl":{"start":{"line":42,"column":23},"end":{"line":42,"column":24}},"loc":{"start":{"line":42,"column":50},"end":{"line":60,"column":9}},"line":42},"4":{"name":"(anonymous_4)","decl":{"start":{"line":53,"column":25},"end":{"line":53,"column":26}},"loc":{"start":{"line":53,"column":31},"end":{"line":53,"column":56}},"line":53}},"branchMap":{"0":{"loc":{"start":{"line":26,"column":4},"end":{"line":30,"column":5}},"type":"if","locations":[{"start":{"line":26,"column":4},"end":{"line":30,"column":5}},{"start":{"line":26,"column":4},"end":{"line":30,"column":5}}],"line":26},"1":{"loc":{"start":{"line":35,"column":4},"end":{"line":37,"column":5}},"type":"if","locations":[{"start":{"line":35,"column":4},"end":{"line":37,"column":5}},{"start":{"line":35,"column":4},"end":{"line":37,"column":5}}],"line":35},"2":{"loc":{"start":{"line":47,"column":16},"end":{"line":47,"column":55}},"type":"cond-expr","locations":[{"start":{"line":47,"column":42},"end":{"line":47,"column":50}},{"start":{"line":47,"column":53},"end":{"line":47,"column":55}}],"line":47}},"s":{"0":6,"1":6,"2":1,"3":1,"4":1,"5":11,"6":11,"7":1,"8":10,"9":10,"10":30,"11":30,"12":1,"13":2},"f":{"0":6,"1":1,"2":11,"3":30,"4":1},"b":{"0":[1,0],"1":[1,10],"2":[10,20]},"_coverageSchema":"43e27e138ebf9cfc5966b082cf9a028302ed4184","hash":"bf992600ec861259dc30e47172b6ea9020021cb8"}
,"D:\\Documenten\\Projects\\Git\\portfolio\\src\\scripts\\components\\Navigation\\Navigation.js": {"path":"D:\\Documenten\\Projects\\Git\\portfolio\\src\\scripts\\components\\Navigation\\Navigation.js","statementMap":{"0":{"start":{"line":6,"column":24},"end":{"line":8,"column":1}},"1":{"start":{"line":9,"column":19},"end":{"line":18,"column":1}},"2":{"start":{"line":10,"column":2},"end":{"line":17,"column":4}}},"fnMap":{"0":{"name":"(anonymous_0)","decl":{"start":{"line":9,"column":19},"end":{"line":9,"column":20}},"loc":{"start":{"line":9,"column":25},"end":{"line":18,"column":1}},"line":9}},"branchMap":{},"s":{"0":1,"1":1,"2":2},"f":{"0":2},"b":{},"_coverageSchema":"43e27e138ebf9cfc5966b082cf9a028302ed4184","hash":"de517b5fba9665c4c9962ef3deec04633fedad5b"}
,"D:\\Documenten\\Projects\\Git\\portfolio\\src\\scripts\\components\\Portfolio\\Details.js": {"path":"D:\\Documenten\\Projects\\Git\\portfolio\\src\\scripts\\components\\Portfolio\\Details.js","statementMap":{"0":{"start":{"line":5,"column":16},"end":{"line":20,"column":1}},"1":{"start":{"line":6,"column":23},"end":{"line":9,"column":3}},"2":{"start":{"line":10,"column":2},"end":{"line":19,"column":4}},"3":{"start":{"line":22,"column":0},"end":{"line":27,"column":2}}},"fnMap":{"0":{"name":"(anonymous_0)","decl":{"start":{"line":5,"column":16},"end":{"line":5,"column":17}},"loc":{"start":{"line":5,"column":58},"end":{"line":20,"column":1}},"line":5}},"branchMap":{},"s":{"0":1,"1":0,"2":0,"3":1},"f":{"0":0},"b":{},"_coverageSchema":"43e27e138ebf9cfc5966b082cf9a028302ed4184","hash":"b94abda52ffdd704846c6ff01e1cdcb9879861ad"}
,"D:\\Documenten\\Projects\\Git\\portfolio\\src\\scripts\\components\\Portfolio\\Item.js": {"path":"D:\\Documenten\\Projects\\Git\\portfolio\\src\\scripts\\components\\Portfolio\\Item.js","statementMap":{"0":{"start":{"line":9,"column":4},"end":{"line":9,"column":17}},"1":{"start":{"line":13,"column":16},"end":{"line":13,"column":38}},"2":{"start":{"line":14,"column":24},"end":{"line":14,"column":80}},"3":{"start":{"line":15,"column":25},"end":{"line":15,"column":75}},"4":{"start":{"line":16,"column":25},"end":{"line":16,"column":50}},"5":{"start":{"line":17,"column":24},"end":{"line":17,"column":66}},"6":{"start":{"line":19,"column":65},"end":{"line":19,"column":69}},"7":{"start":{"line":20,"column":21},"end":{"line":20,"column":51}},"8":{"start":{"line":22,"column":6},"end":{"line":22,"column":85}},"9":{"start":{"line":24,"column":27},"end":{"line":24,"column":92}},"10":{"start":{"line":25,"column":4},"end":{"line":35,"column":6}},"11":{"start":{"line":39,"column":19},"end":{"line":39,"column":20}},"12":{"start":{"line":40,"column":4},"end":{"line":40,"column":32}},"13":{"start":{"line":44,"column":21},"end":{"line":44,"column":31}},"14":{"start":{"line":45,"column":4},"end":{"line":58,"column":6}},"15":{"start":{"line":62,"column":0},"end":{"line":64,"column":2}}},"fnMap":{"0":{"name":"(anonymous_0)","decl":{"start":{"line":8,"column":2},"end":{"line":8,"column":3}},"loc":{"start":{"line":8,"column":21},"end":{"line":10,"column":3}},"line":8},"1":{"name":"(anonymous_1)","decl":{"start":{"line":12,"column":2},"end":{"line":12,"column":3}},"loc":{"start":{"line":12,"column":25},"end":{"line":36,"column":3}},"line":12},"2":{"name":"(anonymous_2)","decl":{"start":{"line":38,"column":2},"end":{"line":38,"column":3}},"loc":{"start":{"line":38,"column":28},"end":{"line":41,"column":3}},"line":38},"3":{"name":"(anonymous_3)","decl":{"start":{"line":43,"column":2},"end":{"line":43,"column":3}},"loc":{"start":{"line":43,"column":11},"end":{"line":59,"column":3}},"line":43}},"branchMap":{"0":{"loc":{"start":{"line":25,"column":11},"end":{"line":35,"column":5}},"type":"cond-expr","locations":[{"start":{"line":26,"column":6},"end":{"line":29,"column":9}},{"start":{"line":31,"column":6},"end":{"line":34,"column":9}}],"line":25},"1":{"loc":{"start":{"line":47,"column":9},"end":{"line":56,"column":9}},"type":"cond-expr","locations":[{"start":{"line":48,"column":10},"end":{"line":53,"column":16}},{"start":{"line":55,"column":10},"end":{"line":55,"column":26}}],"line":47}},"s":{"0":0,"1":0,"2":0,"3":0,"4":0,"5":0,"6":0,"7":0,"8":0,"9":0,"10":0,"11":0,"12":0,"13":0,"14":0,"15":1},"f":{"0":0,"1":0,"2":0,"3":0},"b":{"0":[0,0],"1":[0,0]},"_coverageSchema":"43e27e138ebf9cfc5966b082cf9a028302ed4184","hash":"27e093318d95ab8a5bd094529165314665b11a01"}
,"D:\\Documenten\\Projects\\Git\\portfolio\\src\\scripts\\components\\Portfolio\\Portfolio.js": {"path":"D:\\Documenten\\Projects\\Git\\portfolio\\src\\scripts\\components\\Portfolio\\Portfolio.js","statementMap":{"0":{"start":{"line":7,"column":4},"end":{"line":7,"column":17}},"1":{"start":{"line":8,"column":4},"end":{"line":10,"column":6}},"2":{"start":{"line":14,"column":4},"end":{"line":14,"column":34}},"3":{"start":{"line":18,"column":4},"end":{"line":20,"column":7}},"4":{"start":{"line":19,"column":6},"end":{"line":19,"column":69}},"5":{"start":{"line":24,"column":22},"end":{"line":24,"column":32}},"6":{"start":{"line":25,"column":29},"end":{"line":25,"column":39}},"7":{"start":{"line":26,"column":24},"end":{"line":26,"column":62}},"8":{"start":{"line":28,"column":4},"end":{"line":30,"column":5}},"9":{"start":{"line":29,"column":6},"end":{"line":29,"column":18}},"10":{"start":{"line":32,"column":4},"end":{"line":52,"column":6}},"11":{"start":{"line":35,"column":10},"end":{"line":35,"column":50}},"12":{"start":{"line":43,"column":29},"end":{"line":43,"column":49}},"13":{"start":{"line":58,"column":0},"end":{"line":78,"column":2}}},"fnMap":{"0":{"name":"(anonymous_0)","decl":{"start":{"line":6,"column":2},"end":{"line":6,"column":3}},"loc":{"start":{"line":6,"column":21},"end":{"line":11,"column":3}},"line":6},"1":{"name":"(anonymous_1)","decl":{"start":{"line":13,"column":2},"end":{"line":13,"column":3}},"loc":{"start":{"line":13,"column":22},"end":{"line":15,"column":3}},"line":13},"2":{"name":"(anonymous_2)","decl":{"start":{"line":17,"column":2},"end":{"line":17,"column":3}},"loc":{"start":{"line":17,"column":18},"end":{"line":21,"column":3}},"line":17},"3":{"name":"(anonymous_3)","decl":{"start":{"line":18,"column":18},"end":{"line":18,"column":19}},"loc":{"start":{"line":18,"column":26},"end":{"line":20,"column":5}},"line":18},"4":{"name":"(anonymous_4)","decl":{"start":{"line":23,"column":2},"end":{"line":23,"column":3}},"loc":{"start":{"line":23,"column":11},"end":{"line":53,"column":3}},"line":23},"5":{"name":"(anonymous_5)","decl":{"start":{"line":34,"column":42},"end":{"line":34,"column":43}},"loc":{"start":{"line":34,"column":59},"end":{"line":36,"column":9}},"line":34},"6":{"name":"(anonymous_6)","decl":{"start":{"line":43,"column":23},"end":{"line":43,"column":24}},"loc":{"start":{"line":43,"column":29},"end":{"line":43,"column":49}},"line":43}},"branchMap":{"0":{"loc":{"start":{"line":26,"column":24},"end":{"line":26,"column":62}},"type":"cond-expr","locations":[{"start":{"line":26,"column":46},"end":{"line":26,"column":58}},{"start":{"line":26,"column":61},"end":{"line":26,"column":62}}],"line":26},"1":{"loc":{"start":{"line":28,"column":4},"end":{"line":30,"column":5}},"type":"if","locations":[{"start":{"line":28,"column":4},"end":{"line":30,"column":5}},{"start":{"line":28,"column":4},"end":{"line":30,"column":5}}],"line":28},"2":{"loc":{"start":{"line":38,"column":9},"end":{"line":50,"column":9}},"type":"binary-expr","locations":[{"start":{"line":38,"column":9},"end":{"line":38,"column":37}},{"start":{"line":39,"column":10},"end":{"line":49,"column":16}}],"line":38}},"s":{"0":4,"1":4,"2":0,"3":0,"4":0,"5":4,"6":4,"7":4,"8":4,"9":2,"10":2,"11":2,"12":0,"13":1},"f":{"0":4,"1":0,"2":0,"3":0,"4":4,"5":2,"6":0},"b":{"0":[2,2],"1":[2,2],"2":[2,2]},"_coverageSchema":"43e27e138ebf9cfc5966b082cf9a028302ed4184","hash":"01e600313ab8a2ebaab3e90ff1ef6ce4daa44e77"}
,"D:\\Documenten\\Projects\\Git\\portfolio\\src\\scripts\\components\\Portfolio\\Resources.js": {"path":"D:\\Documenten\\Projects\\Git\\portfolio\\src\\scripts\\components\\Portfolio\\Resources.js","statementMap":{"0":{"start":{"line":4,"column":18},"end":{"line":17,"column":1}},"1":{"start":{"line":5,"column":2},"end":{"line":16,"column":4}},"2":{"start":{"line":8,"column":23},"end":{"line":8,"column":31}},"3":{"start":{"line":9,"column":8},"end":{"line":13,"column":10}},"4":{"start":{"line":19,"column":0},"end":{"line":21,"column":2}}},"fnMap":{"0":{"name":"(anonymous_0)","decl":{"start":{"line":4,"column":18},"end":{"line":4,"column":19}},"loc":{"start":{"line":4,"column":37},"end":{"line":17,"column":1}},"line":4},"1":{"name":"(anonymous_1)","decl":{"start":{"line":7,"column":21},"end":{"line":7,"column":22}},"loc":{"start":{"line":7,"column":42},"end":{"line":14,"column":7}},"line":7}},"branchMap":{},"s":{"0":1,"1":0,"2":0,"3":0,"4":1},"f":{"0":0,"1":0},"b":{},"_coverageSchema":"43e27e138ebf9cfc5966b082cf9a028302ed4184","hash":"61cef67261dac52c14df0536c1b50b33e5ebaba3"}
,"D:\\Documenten\\Projects\\Git\\portfolio\\src\\scripts\\components\\Shared\\Button.js": {"path":"D:\\Documenten\\Projects\\Git\\portfolio\\src\\scripts\\components\\Shared\\Button.js","statementMap":{"0":{"start":{"line":4,"column":15},"end":{"line":16,"column":1}},"1":{"start":{"line":5,"column":18},"end":{"line":5,"column":61}},"2":{"start":{"line":6,"column":17},"end":{"line":6,"column":53}},"3":{"start":{"line":7,"column":2},"end":{"line":9,"column":3}},"4":{"start":{"line":8,"column":4},"end":{"line":8,"column":16}},"5":{"start":{"line":11,"column":2},"end":{"line":15,"column":4}},"6":{"start":{"line":20,"column":0},"end":{"line":28,"column":2}}},"fnMap":{"0":{"name":"(anonymous_0)","decl":{"start":{"line":4,"column":15},"end":{"line":4,"column":16}},"loc":{"start":{"line":4,"column":50},"end":{"line":16,"column":1}},"line":4}},"branchMap":{"0":{"loc":{"start":{"line":5,"column":18},"end":{"line":5,"column":61}},"type":"cond-expr","locations":[{"start":{"line":5,"column":41},"end":{"line":5,"column":54}},{"start":{"line":5,"column":57},"end":{"line":5,"column":61}}],"line":5},"1":{"loc":{"start":{"line":6,"column":17},"end":{"line":6,"column":53}},"type":"cond-expr","locations":[{"start":{"line":6,"column":38},"end":{"line":6,"column":49}},{"start":{"line":6,"column":52},"end":{"line":6,"column":53}}],"line":6},"2":{"loc":{"start":{"line":7,"column":2},"end":{"line":9,"column":3}},"type":"if","locations":[{"start":{"line":7,"column":2},"end":{"line":9,"column":3}},{"start":{"line":7,"column":2},"end":{"line":9,"column":3}}],"line":7}},"s":{"0":2,"1":2,"2":2,"3":2,"4":1,"5":1,"6":2},"f":{"0":2},"b":{"0":[1,1],"1":[1,1],"2":[1,1]},"_coverageSchema":"43e27e138ebf9cfc5966b082cf9a028302ed4184","hash":"01e7d18faa126a759f1eee871f04414d64cd612e"}
,"D:\\Documenten\\Projects\\Git\\portfolio\\src\\scripts\\components\\Shared\\Icon.js": {"path":"D:\\Documenten\\Projects\\Git\\portfolio\\src\\scripts\\components\\Shared\\Icon.js","statementMap":{"0":{"start":{"line":4,"column":13},"end":{"line":14,"column":1}},"1":{"start":{"line":5,"column":17},"end":{"line":5,"column":53}},"2":{"start":{"line":6,"column":2},"end":{"line":8,"column":3}},"3":{"start":{"line":7,"column":4},"end":{"line":7,"column":16}},"4":{"start":{"line":9,"column":2},"end":{"line":13,"column":4}},"5":{"start":{"line":18,"column":0},"end":{"line":21,"column":2}}},"fnMap":{"0":{"name":"(anonymous_0)","decl":{"start":{"line":4,"column":13},"end":{"line":4,"column":14}},"loc":{"start":{"line":4,"column":34},"end":{"line":14,"column":1}},"line":4}},"branchMap":{"0":{"loc":{"start":{"line":5,"column":17},"end":{"line":5,"column":53}},"type":"cond-expr","locations":[{"start":{"line":5,"column":38},"end":{"line":5,"column":49}},{"start":{"line":5,"column":52},"end":{"line":5,"column":53}}],"line":5},"1":{"loc":{"start":{"line":6,"column":2},"end":{"line":8,"column":3}},"type":"if","locations":[{"start":{"line":6,"column":2},"end":{"line":8,"column":3}},{"start":{"line":6,"column":2},"end":{"line":8,"column":3}}],"line":6}},"s":{"0":1,"1":2,"2":2,"3":1,"4":1,"5":1},"f":{"0":2},"b":{"0":[1,1],"1":[1,1]},"_coverageSchema":"43e27e138ebf9cfc5966b082cf9a028302ed4184","hash":"0a5e6950c21ba15a66be57893d034731b4f63b88"}
,"D:\\Documenten\\Projects\\Git\\portfolio\\src\\scripts\\components\\Shared\\Image.js": {"path":"D:\\Documenten\\Projects\\Git\\portfolio\\src\\scripts\\components\\Shared\\Image.js","statementMap":{"0":{"start":{"line":4,"column":14},"end":{"line":10,"column":1}},"1":{"start":{"line":5,"column":17},"end":{"line":5,"column":57}},"2":{"start":{"line":6,"column":2},"end":{"line":8,"column":3}},"3":{"start":{"line":7,"column":4},"end":{"line":7,"column":16}},"4":{"start":{"line":9,"column":2},"end":{"line":9,"column":85}},"5":{"start":{"line":14,"column":0},"end":{"line":18,"column":2}}},"fnMap":{"0":{"name":"(anonymous_0)","decl":{"start":{"line":4,"column":14},"end":{"line":4,"column":15}},"loc":{"start":{"line":4,"column":42},"end":{"line":10,"column":1}},"line":4}},"branchMap":{"0":{"loc":{"start":{"line":5,"column":17},"end":{"line":5,"column":57}},"type":"cond-expr","locations":[{"start":{"line":5,"column":40},"end":{"line":5,"column":53}},{"start":{"line":5,"column":56},"end":{"line":5,"column":57}}],"line":5},"1":{"loc":{"start":{"line":6,"column":2},"end":{"line":8,"column":3}},"type":"if","locations":[{"start":{"line":6,"column":2},"end":{"line":8,"column":3}},{"start":{"line":6,"column":2},"end":{"line":8,"column":3}}],"line":6}},"s":{"0":3,"1":3,"2":3,"3":2,"4":1,"5":3},"f":{"0":3},"b":{"0":[2,1],"1":[2,1]},"_coverageSchema":"43e27e138ebf9cfc5966b082cf9a028302ed4184","hash":"b77ad4b899f8b5339a23f33db8203f5c1dcc7f70"}
,"D:\\Documenten\\Projects\\Git\\portfolio\\src\\scripts\\redux\\reducers.js": {"path":"D:\\Documenten\\Projects\\Git\\portfolio\\src\\scripts\\redux\\reducers.js","statementMap":{"0":{"start":{"line":3,"column":32},"end":{"line":10,"column":1}},"1":{"start":{"line":4,"column":2},"end":{"line":9,"column":3}},"2":{"start":{"line":6,"column":6},"end":{"line":6,"column":28}},"3":{"start":{"line":8,"column":6},"end":{"line":8,"column":19}}},"fnMap":{"0":{"name":"(anonymous_0)","decl":{"start":{"line":3,"column":32},"end":{"line":3,"column":33}},"loc":{"start":{"line":3,"column":61},"end":{"line":10,"column":1}},"line":3}},"branchMap":{"0":{"loc":{"start":{"line":3,"column":33},"end":{"line":3,"column":43}},"type":"default-arg","locations":[{"start":{"line":3,"column":41},"end":{"line":3,"column":43}}],"line":3},"1":{"loc":{"start":{"line":3,"column":45},"end":{"line":3,"column":56}},"type":"default-arg","locations":[{"start":{"line":3,"column":54},"end":{"line":3,"column":56}}],"line":3},"2":{"loc":{"start":{"line":4,"column":2},"end":{"line":9,"column":3}},"type":"switch","locations":[{"start":{"line":5,"column":4},"end":{"line":6,"column":28}},{"start":{"line":7,"column":4},"end":{"line":8,"column":19}}],"line":4}},"s":{"0":1,"1":2,"2":1,"3":1},"f":{"0":2},"b":{"0":[2],"1":[0],"2":[1,1]},"_coverageSchema":"43e27e138ebf9cfc5966b082cf9a028302ed4184","hash":"80fc0ccc081468fea0a4a27e499fcf6b8bd3af0e"}
,"D:\\Documenten\\Projects\\Git\\portfolio\\src\\scripts\\redux\\types.js": {"path":"D:\\Documenten\\Projects\\Git\\portfolio\\src\\scripts\\redux\\types.js","statementMap":{"0":{"start":{"line":1,"column":21},"end":{"line":3,"column":1}}},"fnMap":{},"branchMap":{},"s":{"0":1},"f":{},"b":{},"_coverageSchema":"43e27e138ebf9cfc5966b082cf9a028302ed4184","hash":"1e04a5f515732ae99afc5fb311e89d486940b3ef"}
,"D:\\Documenten\\Projects\\Git\\portfolio\\src\\scripts\\utils\\index.js": {"path":"D:\\Documenten\\Projects\\Git\\portfolio\\src\\scripts\\utils\\index.js","statementMap":{"0":{"start":{"line":6,"column":30},"end":{"line":9,"column":1}},"1":{"start":{"line":7,"column":18},"end":{"line":7,"column":58}},"2":{"start":{"line":8,"column":2},"end":{"line":8,"column":17}},"3":{"start":{"line":11,"column":26},"end":{"line":14,"column":1}},"4":{"start":{"line":12,"column":19},"end":{"line":12,"column":96}},"5":{"start":{"line":13,"column":2},"end":{"line":13,"column":18}},"6":{"start":{"line":16,"column":30},"end":{"line":19,"column":1}},"7":{"start":{"line":17,"column":18},"end":{"line":17,"column":51}},"8":{"start":{"line":18,"column":2},"end":{"line":18,"column":17}},"9":{"start":{"line":22,"column":43},"end":{"line":26,"column":1}},"10":{"start":{"line":23,"column":18},"end":{"line":23,"column":60}},"11":{"start":{"line":24,"column":13},"end":{"line":24,"column":29}},"12":{"start":{"line":25,"column":2},"end":{"line":25,"column":40}},"13":{"start":{"line":28,"column":39},"end":{"line":32,"column":1}},"14":{"start":{"line":29,"column":18},"end":{"line":29,"column":50}},"15":{"start":{"line":30,"column":15},"end":{"line":30,"column":36}},"16":{"start":{"line":31,"column":2},"end":{"line":31,"column":45}}},"fnMap":{"0":{"name":"(anonymous_0)","decl":{"start":{"line":6,"column":30},"end":{"line":6,"column":31}},"loc":{"start":{"line":6,"column":52},"end":{"line":9,"column":1}},"line":6},"1":{"name":"(anonymous_1)","decl":{"start":{"line":11,"column":26},"end":{"line":11,"column":27}},"loc":{"start":{"line":11,"column":57},"end":{"line":14,"column":1}},"line":11},"2":{"name":"(anonymous_2)","decl":{"start":{"line":16,"column":30},"end":{"line":16,"column":31}},"loc":{"start":{"line":16,"column":57},"end":{"line":19,"column":1}},"line":16},"3":{"name":"(anonymous_3)","decl":{"start":{"line":22,"column":43},"end":{"line":22,"column":44}},"loc":{"start":{"line":22,"column":71},"end":{"line":26,"column":1}},"line":22},"4":{"name":"(anonymous_4)","decl":{"start":{"line":28,"column":39},"end":{"line":28,"column":40}},"loc":{"start":{"line":28,"column":67},"end":{"line":32,"column":1}},"line":28}},"branchMap":{"0":{"loc":{"start":{"line":16,"column":42},"end":{"line":16,"column":52}},"type":"default-arg","locations":[{"start":{"line":16,"column":50},"end":{"line":16,"column":52}}],"line":16},"1":{"loc":{"start":{"line":22,"column":56},"end":{"line":22,"column":66}},"type":"default-arg","locations":[{"start":{"line":22,"column":64},"end":{"line":22,"column":66}}],"line":22},"2":{"loc":{"start":{"line":30,"column":15},"end":{"line":30,"column":36}},"type":"cond-expr","locations":[{"start":{"line":30,"column":31},"end":{"line":30,"column":32}},{"start":{"line":30,"column":35},"end":{"line":30,"column":36}}],"line":30}},"s":{"0":6,"1":13,"2":13,"3":6,"4":5,"5":5,"6":6,"7":5,"8":5,"9":6,"10":2,"11":2,"12":2,"13":6,"14":3,"15":3,"16":3},"f":{"0":13,"1":5,"2":5,"3":2,"4":3},"b":{"0":[5],"1":[2],"2":[2,1]},"_coverageSchema":"43e27e138ebf9cfc5966b082cf9a028302ed4184","hash":"1cdd0a6361a01cf99544aa7e74d832e89e6cc500"}
}
