TN:
SF:D:\Documenten\Projects\Git\portfolio\src\scripts\components\Navigation\Menu.js
FN:5,(anonymous_0)
FN:23,(anonymous_1)
FN:33,(anonymous_2)
FN:42,(anonymous_3)
FN:53,(anonymous_4)
FNF:5
FNH:5
FNDA:6,(anonymous_0)
FNDA:1,(anonymous_1)
FNDA:11,(anonymous_2)
FNDA:30,(anonymous_3)
FNDA:1,(anonymous_4)
DA:6,6
DA:7,6
DA:24,1
DA:26,1
DA:27,1
DA:34,11
DA:35,11
DA:36,1
DA:39,10
DA:40,10
DA:43,30
DA:44,30
DA:53,1
DA:68,2
LF:14
LH:14
BRDA:26,0,0,1
BRDA:26,0,1,0
BRDA:35,1,0,1
BRDA:35,1,1,10
BRDA:47,2,0,10
BRDA:47,2,1,20
BRF:6
BRH:5
end_of_record
TN:
SF:D:\Documenten\Projects\Git\portfolio\src\scripts\components\Navigation\Navigation.js
FN:9,(anonymous_0)
FNF:1
FNH:1
FNDA:2,(anonymous_0)
DA:6,1
DA:9,1
DA:10,2
LF:3
LH:3
BRF:0
BRH:0
end_of_record
TN:
SF:D:\Documenten\Projects\Git\portfolio\src\scripts\components\Portfolio\Details.js
FN:5,(anonymous_0)
FNF:1
FNH:0
FNDA:0,(anonymous_0)
DA:5,1
DA:6,0
DA:10,0
DA:22,1
LF:4
LH:2
BRF:0
BRH:0
end_of_record
TN:
SF:D:\Documenten\Projects\Git\portfolio\src\scripts\components\Portfolio\Item.js
FN:8,(anonymous_0)
FN:12,(anonymous_1)
FN:38,(anonymous_2)
FN:43,(anonymous_3)
FNF:4
FNH:0
FNDA:0,(anonymous_0)
FNDA:0,(anonymous_1)
FNDA:0,(anonymous_2)
FNDA:0,(anonymous_3)
DA:9,0
DA:13,0
DA:14,0
DA:15,0
DA:16,0
DA:17,0
DA:19,0
DA:20,0
DA:22,0
DA:24,0
DA:25,0
DA:39,0
DA:40,0
DA:44,0
DA:45,0
DA:62,1
LF:16
LH:1
BRDA:25,0,0,0
BRDA:25,0,1,0
BRDA:47,1,0,0
BRDA:47,1,1,0
BRF:4
BRH:0
end_of_record
TN:
SF:D:\Documenten\Projects\Git\portfolio\src\scripts\components\Portfolio\Portfolio.js
FN:6,(anonymous_0)
FN:13,(anonymous_1)
FN:17,(anonymous_2)
FN:18,(anonymous_3)
FN:23,(anonymous_4)
FN:34,(anonymous_5)
FN:43,(anonymous_6)
FNF:7
FNH:3
FNDA:4,(anonymous_0)
FNDA:0,(anonymous_1)
FNDA:0,(anonymous_2)
FNDA:0,(anonymous_3)
FNDA:4,(anonymous_4)
FNDA:2,(anonymous_5)
FNDA:0,(anonymous_6)
DA:7,4
DA:8,4
DA:14,0
DA:18,0
DA:19,0
DA:24,4
DA:25,4
DA:26,4
DA:28,4
DA:29,2
DA:32,2
DA:35,2
DA:43,0
DA:58,1
LF:14
LH:10
BRDA:26,0,0,2
BRDA:26,0,1,2
BRDA:28,1,0,2
BRDA:28,1,1,2
BRDA:38,2,0,2
BRDA:38,2,1,2
BRF:6
BRH:6
end_of_record
TN:
SF:D:\Documenten\Projects\Git\portfolio\src\scripts\components\Portfolio\Resources.js
FN:4,(anonymous_0)
FN:7,(anonymous_1)
FNF:2
FNH:0
FNDA:0,(anonymous_0)
FNDA:0,(anonymous_1)
DA:4,1
DA:5,0
DA:8,0
DA:9,0
DA:19,1
LF:5
LH:2
BRF:0
BRH:0
end_of_record
TN:
SF:D:\Documenten\Projects\Git\portfolio\src\scripts\components\Shared\Button.js
FN:4,(anonymous_0)
FNF:1
FNH:1
FNDA:2,(anonymous_0)
DA:4,2
DA:5,2
DA:6,2
DA:7,2
DA:8,1
DA:11,1
DA:20,2
LF:7
LH:7
BRDA:5,0,0,1
BRDA:5,0,1,1
BRDA:6,1,0,1
BRDA:6,1,1,1
BRDA:7,2,0,1
BRDA:7,2,1,1
BRF:6
BRH:6
end_of_record
TN:
SF:D:\Documenten\Projects\Git\portfolio\src\scripts\components\Shared\Icon.js
FN:4,(anonymous_0)
FNF:1
FNH:1
FNDA:2,(anonymous_0)
DA:4,1
DA:5,2
DA:6,2
DA:7,1
DA:9,1
DA:18,1
LF:6
LH:6
BRDA:5,0,0,1
BRDA:5,0,1,1
BRDA:6,1,0,1
BRDA:6,1,1,1
BRF:4
BRH:4
end_of_record
TN:
SF:D:\Documenten\Projects\Git\portfolio\src\scripts\components\Shared\Image.js
FN:4,(anonymous_0)
FNF:1
FNH:1
FNDA:3,(anonymous_0)
DA:4,3
DA:5,3
DA:6,3
DA:7,2
DA:9,1
DA:14,3
LF:6
LH:6
BRDA:5,0,0,2
BRDA:5,0,1,1
BRDA:6,1,0,2
BRDA:6,1,1,1
BRF:4
BRH:4
end_of_record
TN:
SF:D:\Documenten\Projects\Git\portfolio\src\scripts\redux\reducers.js
FN:3,(anonymous_0)
FNF:1
FNH:1
FNDA:2,(anonymous_0)
DA:3,1
DA:4,2
DA:6,1
DA:8,1
LF:4
LH:4
BRDA:3,0,0,2
BRDA:3,1,0,0
BRDA:4,2,0,1
BRDA:4,2,1,1
BRF:4
BRH:3
end_of_record
TN:
SF:D:\Documenten\Projects\Git\portfolio\src\scripts\redux\types.js
FNF:0
FNH:0
DA:1,1
LF:1
LH:1
BRF:0
BRH:0
end_of_record
TN:
SF:D:\Documenten\Projects\Git\portfolio\src\scripts\utils\index.js
FN:6,(anonymous_0)
FN:11,(anonymous_1)
FN:16,(anonymous_2)
FN:22,(anonymous_3)
FN:28,(anonymous_4)
FNF:5
FNH:5
FNDA:13,(anonymous_0)
FNDA:5,(anonymous_1)
FNDA:5,(anonymous_2)
FNDA:2,(anonymous_3)
FNDA:3,(anonymous_4)
DA:6,6
DA:7,13
DA:8,13
DA:11,6
DA:12,5
DA:13,5
DA:16,6
DA:17,5
DA:18,5
DA:22,6
DA:23,2
DA:24,2
DA:25,2
DA:28,6
DA:29,3
DA:30,3
DA:31,3
LF:17
LH:17
BRDA:16,0,0,5
BRDA:22,1,0,2
BRDA:30,2,0,2
BRDA:30,2,1,1
BRF:4
BRH:4
end_of_record
